attention blablabla
blablabla
BOT LANCER
BOT LANCER 11/07/2025 15:47:38
2025-07-11 15:51:04,480 - INFO - BOT LANCER 11/07/2025 15:51:01
2025-07-11 15:51:46,349 - INFO - BOT LANCER
2025-07-11 16:01:31,455 - INFO - BOT LANCER
2025-07-11 16:01:40,089 - INFO - matt_karting a regarder ses pronos course
2025-07-11 16:01:43,560 - INFO - matt_karting a regarder ses pronos qualif
2025-07-11 16:01:48,363 - INFO - matt_karting à tenter de réutiliser la commandes pronos course
2025-07-11 16:01:53,912 - INFO - matt_karting à tenter de réutiliser la commandes pronos qualifs
2025-07-11 16:08:22,537 - INFO - la_bagguette à fais ses pronos courses
2025-07-11 16:10:32,945 - INFO - BOT LANCER
2025-07-11 16:10:51,195 - INFO - matt_karting a regarder ses pronos course
2025-07-11 16:10:57,267 - INFO - matt_karting a regarder ses pronos qualif
2025-07-11 16:11:08,578 - INFO - matt_karting a regarder ses pronos qualif
2025-07-11 16:11:36,794 - INFO - la_bagguette à tenter de réutiliser la commandes pronos qualifs
2025-07-11 16:11:57,199 - INFO - la_bagguette à tenter de réutiliser la commandes pronos qualifs
2025-07-11 16:14:14,222 - INFO - la_bagguette a regarder ses pronos course
2025-07-11 16:14:34,878 - INFO - la_bagguette a regarder ses pronos qualif
2025-07-11 16:20:17,548 - INFO - BOT LANCER
2025-07-11 16:34:48,775 - INFO - BOT LANCER
2025-07-11 16:41:06,657 - INFO - BOT LANCER
2025-07-11 16:41:21,282 - INFO - matt_karting a regarder ses pronos course
2025-07-11 16:42:32,277 - INFO - matt_karting a regarder ses pronos course
2025-07-11 16:44:03,624 - INFO - BOT LANCER
2025-07-11 16:45:16,048 - INFO - BOT LANCER
2025-07-11 16:45:22,355 - INFO - matt_karting à tenter de réutiliser la commandes pronos course
2025-07-11 16:45:33,007 - INFO - matt_karting a regarder ses pronos course
2025-07-11 16:52:57,708 - INFO - BOT LANCER
2025-07-11 16:53:09,156 - INFO - matt_karting a regarder ses pronos qualif
2025-07-11 16:53:15,650 - INFO - matt_karting à tenter de réutiliser la commandes pronos qualifs
2025-07-11 16:53:25,544 - INFO - matt_karting a regarder ses pronos qualif
2025-07-11 17:18:31,389 - INFO - BOT LANCER
2025-07-11 17:18:37,077 - INFO - matt_karting a regarder ses pronos course
2025-07-11 17:18:40,471 - INFO - matt_karting a regarder ses pronos qualif
2025-07-11 17:18:46,220 - INFO - matt_karting à tenter de réutiliser la commandes pronos course
2025-07-11 19:11:38,053 - INFO - BOT LANCER
2025-07-11 19:17:00,092 - INFO - BOT LANCER
2025-07-11 20:01:42,420 - INFO - BOT LANCER
2025-07-11 22:02:55,909 - INFO - BOT LANCER
2025-07-11 23:50:41,913 - INFO - BOT LANCER
2025-07-11 23:54:18,938 - INFO - BOT LANCER
2025-07-11 23:54:25,387 - INFO - matt_karting à demander help dans le salon général
2025-07-11 23:57:24,195 - INFO - BOT LANCER
2025-07-11 23:57:33,179 - INFO - matt_karting à demander help dans le salon général
2025-07-12 00:01:50,410 - INFO - BOT LANCER
2025-07-12 00:02:06,988 - INFO - matt_karting à clear 1 lignes dans général
